Determining if the pthread_create exist failed with the following output:
Change Dir: /home/pnguyen/ROS_workspace/src/icub-moveit/yarp_msgs/CMakeFiles/CMakeTmp

Run Build Command:/usr/bin/make "cmTryCompileExec2568941223/fast"
/usr/bin/make -f CMakeFiles/cmTryCompileExec2568941223.dir/build.make CMakeFiles/cmTryCompileExec2568941223.dir/build
make[1]: Entering directory `/home/pnguyen/ROS_workspace/src/icub-moveit/yarp_msgs/CMakeFiles/CMakeTmp'
/usr/bin/cmake -E cmake_progress_report /home/pnguyen/ROS_workspace/src/icub-moveit/yarp_msgs/CMakeFiles/CMakeTmp/CMakeFiles 1
Building C object CMakeFiles/cmTryCompileExec2568941223.dir/CheckSymbolExists.c.o
/usr/bin/cc    -o CMakeFiles/cmTryCompileExec2568941223.dir/CheckSymbolExists.c.o   -c /home/pnguyen/ROS_workspace/src/icub-moveit/yarp_msgs/CMakeFiles/CMakeTmp/CheckSymbolExists.c
Linking C executable cmTryCompileExec2568941223
/usr/bin/cmake -E cmake_link_script CMakeFiles/cmTryCompileExec2568941223.dir/link.txt --verbose=1
/usr/bin/cc       CMakeFiles/cmTryCompileExec2568941223.dir/CheckSymbolExists.c.o  -o cmTryCompileExec2568941223 -rdynamic 
CMakeFiles/cmTryCompileExec2568941223.dir/CheckSymbolExists.c.o: In function `main':
CheckSymbolExists.c:(.text+0x16): undefined reference to `pthread_create'
collect2: error: ld returned 1 exit status
make[1]: *** [cmTryCompileExec2568941223] Error 1
make[1]: Leaving directory `/home/pnguyen/ROS_workspace/src/icub-moveit/yarp_msgs/CMakeFiles/CMakeTmp'
make: *** [cmTryCompileExec2568941223/fast] Error 2

File /home/pnguyen/ROS_workspace/src/icub-moveit/yarp_msgs/CMakeFiles/CMakeTmp/CheckSymbolExists.c:
/* */
#include <pthread.h>

int main(int argc, char** argv)
{
  (void)argv;
#ifndef pthread_create
  return ((int*)(&pthread_create))[argc];
#else
  (void)argc;
  return 0;
#endif
}

Determining if the function pthread_create exists in the pthreads failed with the following output:
Change Dir: /home/pnguyen/ROS_workspace/src/icub-moveit/yarp_msgs/CMakeFiles/CMakeTmp

Run Build Command:/usr/bin/make "cmTryCompileExec2694657834/fast"
/usr/bin/make -f CMakeFiles/cmTryCompileExec2694657834.dir/build.make CMakeFiles/cmTryCompileExec2694657834.dir/build
make[1]: Entering directory `/home/pnguyen/ROS_workspace/src/icub-moveit/yarp_msgs/CMakeFiles/CMakeTmp'
/usr/bin/cmake -E cmake_progress_report /home/pnguyen/ROS_workspace/src/icub-moveit/yarp_msgs/CMakeFiles/CMakeTmp/CMakeFiles 1
Building C object CMakeFiles/cmTryCompileExec2694657834.dir/CheckFunctionExists.c.o
/usr/bin/cc   -DCHECK_FUNCTION_EXISTS=pthread_create   -o CMakeFiles/cmTryCompileExec2694657834.dir/CheckFunctionExists.c.o   -c /usr/share/cmake-2.8/Modules/CheckFunctionExists.c
Linking C executable cmTryCompileExec2694657834
/usr/bin/cmake -E cmake_link_script CMakeFiles/cmTryCompileExec2694657834.dir/link.txt --verbose=1
/usr/bin/cc   -DCHECK_FUNCTION_EXISTS=pthread_create    CMakeFiles/cmTryCompileExec2694657834.dir/CheckFunctionExists.c.o  -o cmTryCompileExec2694657834 -rdynamic -lpthreads 
/usr/bin/ld: cannot find -lpthreads
collect2: error: ld returned 1 exit status
make[1]: *** [cmTryCompileExec2694657834] Error 1
make[1]: Leaving directory `/home/pnguyen/ROS_workspace/src/icub-moveit/yarp_msgs/CMakeFiles/CMakeTmp'
make: *** [cmTryCompileExec2694657834/fast] Error 2


