Determining if the pthread_create exist failed with the following output:
Change Dir: /home/pnguyen/ROS_workspace/src/icub-moveit/icub_upperbody/CMakeFiles/CMakeTmp

Run Build Command:/usr/bin/make "cmTryCompileExec1225145068/fast"
/usr/bin/make -f CMakeFiles/cmTryCompileExec1225145068.dir/build.make CMakeFiles/cmTryCompileExec1225145068.dir/build
make[1]: Entering directory `/home/pnguyen/ROS_workspace/src/icub-moveit/icub_upperbody/CMakeFiles/CMakeTmp'
/usr/bin/cmake -E cmake_progress_report /home/pnguyen/ROS_workspace/src/icub-moveit/icub_upperbody/CMakeFiles/CMakeTmp/CMakeFiles 1
Building C object CMakeFiles/cmTryCompileExec1225145068.dir/CheckSymbolExists.c.o
/usr/bin/cc    -o CMakeFiles/cmTryCompileExec1225145068.dir/CheckSymbolExists.c.o   -c /home/pnguyen/ROS_workspace/src/icub-moveit/icub_upperbody/CMakeFiles/CMakeTmp/CheckSymbolExists.c
Linking C executable cmTryCompileExec1225145068
/usr/bin/cmake -E cmake_link_script CMakeFiles/cmTryCompileExec1225145068.dir/link.txt --verbose=1
/usr/bin/cc       CMakeFiles/cmTryCompileExec1225145068.dir/CheckSymbolExists.c.o  -o cmTryCompileExec1225145068 -rdynamic 
CMakeFiles/cmTryCompileExec1225145068.dir/CheckSymbolExists.c.o: In function `main':
CheckSymbolExists.c:(.text+0x16): undefined reference to `pthread_create'
collect2: error: ld returned 1 exit status
make[1]: Leaving directory `/home/pnguyen/ROS_workspace/src/icub-moveit/icub_upperbody/CMakeFiles/CMakeTmp'
make[1]: *** [cmTryCompileExec1225145068] Error 1
make: *** [cmTryCompileExec1225145068/fast] Error 2

File /home/pnguyen/ROS_workspace/src/icub-moveit/icub_upperbody/CMakeFiles/CMakeTmp/CheckSymbolExists.c:
/* */
#include <pthread.h>

int main(int argc, char** argv)
{
  (void)argv;
#ifndef pthread_create
  return ((int*)(&pthread_create))[argc];
#else
  (void)argc;
  return 0;
#endif
}

Determining if the function pthread_create exists in the pthreads failed with the following output:
Change Dir: /home/pnguyen/ROS_workspace/src/icub-moveit/icub_upperbody/CMakeFiles/CMakeTmp

Run Build Command:/usr/bin/make "cmTryCompileExec1079152937/fast"
/usr/bin/make -f CMakeFiles/cmTryCompileExec1079152937.dir/build.make CMakeFiles/cmTryCompileExec1079152937.dir/build
make[1]: Entering directory `/home/pnguyen/ROS_workspace/src/icub-moveit/icub_upperbody/CMakeFiles/CMakeTmp'
/usr/bin/cmake -E cmake_progress_report /home/pnguyen/ROS_workspace/src/icub-moveit/icub_upperbody/CMakeFiles/CMakeTmp/CMakeFiles 1
Building C object CMakeFiles/cmTryCompileExec1079152937.dir/CheckFunctionExists.c.o
/usr/bin/cc   -DCHECK_FUNCTION_EXISTS=pthread_create   -o CMakeFiles/cmTryCompileExec1079152937.dir/CheckFunctionExists.c.o   -c /usr/share/cmake-2.8/Modules/CheckFunctionExists.c
Linking C executable cmTryCompileExec1079152937
/usr/bin/cmake -E cmake_link_script CMakeFiles/cmTryCompileExec1079152937.dir/link.txt --verbose=1
/usr/bin/cc   -DCHECK_FUNCTION_EXISTS=pthread_create    CMakeFiles/cmTryCompileExec1079152937.dir/CheckFunctionExists.c.o  -o cmTryCompileExec1079152937 -rdynamic -lpthreads 
/usr/bin/ld: cannot find -lpthreads
collect2: error: ld returned 1 exit status
make[1]: *** [cmTryCompileExec1079152937] Error 1
make[1]: Leaving directory `/home/pnguyen/ROS_workspace/src/icub-moveit/icub_upperbody/CMakeFiles/CMakeTmp'
make: *** [cmTryCompileExec1079152937/fast] Error 2


