Determining if the pthread_create exist failed with the following output:
Change Dir: /home/pnguyen/ROS_workspace/src/icub-moveit/icub_description/CMakeFiles/CMakeTmp

Run Build Command:/usr/bin/make "cmTryCompileExec4235405231/fast"
/usr/bin/make -f CMakeFiles/cmTryCompileExec4235405231.dir/build.make CMakeFiles/cmTryCompileExec4235405231.dir/build
make[1]: Entering directory `/home/pnguyen/ROS_workspace/src/icub-moveit/icub_description/CMakeFiles/CMakeTmp'
/usr/bin/cmake -E cmake_progress_report /home/pnguyen/ROS_workspace/src/icub-moveit/icub_description/CMakeFiles/CMakeTmp/CMakeFiles 1
Building C object CMakeFiles/cmTryCompileExec4235405231.dir/CheckSymbolExists.c.o
/usr/bin/cc    -o CMakeFiles/cmTryCompileExec4235405231.dir/CheckSymbolExists.c.o   -c /home/pnguyen/ROS_workspace/src/icub-moveit/icub_description/CMakeFiles/CMakeTmp/CheckSymbolExists.c
Linking C executable cmTryCompileExec4235405231
/usr/bin/cmake -E cmake_link_script CMakeFiles/cmTryCompileExec4235405231.dir/link.txt --verbose=1
/usr/bin/cc       CMakeFiles/cmTryCompileExec4235405231.dir/CheckSymbolExists.c.o  -o cmTryCompileExec4235405231 -rdynamic 
CMakeFiles/cmTryCompileExec4235405231.dir/CheckSymbolExists.c.o: In function `main':
CheckSymbolExists.c:(.text+0x16): undefined reference to `pthread_create'
collect2: error: ld returned 1 exit status
make[1]: *** [cmTryCompileExec4235405231] Error 1
make[1]: Leaving directory `/home/pnguyen/ROS_workspace/src/icub-moveit/icub_description/CMakeFiles/CMakeTmp'
make: *** [cmTryCompileExec4235405231/fast] Error 2

File /home/pnguyen/ROS_workspace/src/icub-moveit/icub_description/CMakeFiles/CMakeTmp/CheckSymbolExists.c:
/* */
#include <pthread.h>

int main(int argc, char** argv)
{
  (void)argv;
#ifndef pthread_create
  return ((int*)(&pthread_create))[argc];
#else
  (void)argc;
  return 0;
#endif
}

Determining if the function pthread_create exists in the pthreads failed with the following output:
Change Dir: /home/pnguyen/ROS_workspace/src/icub-moveit/icub_description/CMakeFiles/CMakeTmp

Run Build Command:/usr/bin/make "cmTryCompileExec3022830402/fast"
/usr/bin/make -f CMakeFiles/cmTryCompileExec3022830402.dir/build.make CMakeFiles/cmTryCompileExec3022830402.dir/build
make[1]: Entering directory `/home/pnguyen/ROS_workspace/src/icub-moveit/icub_description/CMakeFiles/CMakeTmp'
/usr/bin/cmake -E cmake_progress_report /home/pnguyen/ROS_workspace/src/icub-moveit/icub_description/CMakeFiles/CMakeTmp/CMakeFiles 1
Building C object CMakeFiles/cmTryCompileExec3022830402.dir/CheckFunctionExists.c.o
/usr/bin/cc   -DCHECK_FUNCTION_EXISTS=pthread_create   -o CMakeFiles/cmTryCompileExec3022830402.dir/CheckFunctionExists.c.o   -c /usr/share/cmake-2.8/Modules/CheckFunctionExists.c
Linking C executable cmTryCompileExec3022830402
/usr/bin/cmake -E cmake_link_script CMakeFiles/cmTryCompileExec3022830402.dir/link.txt --verbose=1
/usr/bin/cc   -DCHECK_FUNCTION_EXISTS=pthread_create    CMakeFiles/cmTryCompileExec3022830402.dir/CheckFunctionExists.c.o  -o cmTryCompileExec3022830402 -rdynamic -lpthreads 
/usr/bin/ld: cannot find -lpthreads
collect2: error: ld returned 1 exit status
make[1]: *** [cmTryCompileExec3022830402] Error 1
make[1]: Leaving directory `/home/pnguyen/ROS_workspace/src/icub-moveit/icub_description/CMakeFiles/CMakeTmp'
make: *** [cmTryCompileExec3022830402/fast] Error 2


